#
# A fatal error has been detected by the Java Runtime Environment:
#
#  SIGSEGV (0xb) at pc=0x000000010d974047, pid=73275, tid=775
#
# JRE version: OpenJDK Runtime Environment Temurin-17.0.1+12 (17.0.1+12) (build 17.0.1+12)
# Java VM: OpenJDK 64-Bit Server VM Temurin-17.0.1+12 (17.0.1+12, mixed mode, tiered, compressed oops, compressed class ptrs, g1 gc, bsd-amd64)
# Problematic frame:
# V  [libjvm.dylib+0x574047]  jni_NewLocalRef+0x37
#
# No core dump will be written. Core dumps have been disabled. To enable core dumping, try "ulimit -c unlimited" before starting Java again
#
# If you would like to submit a bug report, please visit:
#   https://github.com/adoptium/adoptium-support/issues
#

---------------  S U M M A R Y ------------

Command Line: -Dfile.encoding=UTF-8 --module-path=/Users/artchief/eclipse-workspace/S11/bin:/Applications/Eclipse.app/Contents/Eclipse/plugins/org.eclipse.fx.ide.css.jfx8_3.7.0.202010120832.jar:/Users/artchief/Downloads/javafx-sdk-17.0.2/lib/javafx-swt.jar:/Users/artchief/Downloads/javafx-sdk-17.0.2/lib/javafx.base.jar:/Users/artchief/Downloads/javafx-sdk-17.0.2/lib/javafx.controls.jar:/Users/artchief/Downloads/javafx-sdk-17.0.2/lib/javafx.fxml.jar:/Users/artchief/Downloads/javafx-sdk-17.0.2/lib/javafx.graphics.jar:/Users/artchief/Downloads/javafx-sdk-17.0.2/lib/javafx.media.jar:/Users/artchief/Downloads/javafx-sdk-17.0.2/lib/javafx.swing.jar:/Users/artchief/Downloads/javafx-sdk-17.0.2/lib/javafx.web.jar:/Users/artchief/eclipse-workspace/S11/lib/dom4j-1.6.1.jar -XX:+ShowCodeDetailsInExceptionMessages -Djdk.module.main=combineGame combineGame/application.Main_chooseTheGame

Host: "MacBook9,1" x86_64 1100 MHz, 4 cores, 8G, Darwin 17.7.0, macOS 10.13.6 (17G65)
Time: Mon Jun  6 03:37:21 2022 CST elapsed time: 80.072905 seconds (0d 0h 1m 20s)

---------------  T H R E A D  ---------------

Current thread is native thread

Stack: [0x00007ffee28ca000,0x00007ffee30ca000],  sp=0x00007ffee30c6830,  free space=8178k
Native frames: (J=compiled Java code, j=interpreted, Vv=VM code, C=native code)
V  [libjvm.dylib+0x574047]  jni_NewLocalRef+0x37
C  [libawt_lwawt.dylib+0x11675]  -[AWTWindow _deliverMoveResizeEvent]+0xa5
C  [CoreFoundation+0x9aedc]  __CFNOTIFICATIONCENTER_IS_CALLING_OUT_TO_AN_OBSERVER__+0xc
C  [CoreFoundation+0x9adaa]  _CFXRegistrationPost+0x1ca
C  [CoreFoundation+0x9aae1]  ___CFXNotificationPost_block_invoke+0xe1
C  [CoreFoundation+0x58880]  -[_CFXNotificationRegistrar find:object:observer:enumerator:]+0x680
C  [CoreFoundation+0x579b7]  _CFXNotificationPost+0x257
C  [Foundation+0x68c7]  -[NSNotificationCenter postNotificationName:object:userInfo:]+0x42
C  [AppKit+0x1034db]  -[NSWindow _setFrameCommon:display:stashSize:]+0xee5
C  [AppKit+0x1025e9]  -[NSWindow _setFrame:display:allowImplicitAnimation:stashSize:]+0xde
C  [AppKit+0x102504]  -[NSWindow setFrame:display:]+0x43
C  [libawt_lwawt.dylib+0x16d28]  __Java_sun_lwawt_macosx_CPlatformWindow_nativeSetNSWindowBounds_block_invoke+0x88
C  [libosxapp.dylib+0x400f]  +[ThreadUtilities invokeBlockCopy:]+0xf
C  [Foundation+0x682b5]  __NSThreadPerformPerform+0x14e
C  [CoreFoundation+0xa3a11]  __CFRUNLOOP_IS_CALLING_OUT_TO_A_SOURCE0_PERFORM_FUNCTION__+0x11
C  [CoreFoundation+0x15d42c]  __CFRunLoopDoSource0+0x6c
C  [CoreFoundation+0x86470]  __CFRunLoopDoSources0+0xd0
C  [CoreFoundation+0x858ed]  __CFRunLoopRun+0x50d
C  [CoreFoundation+0x85153]  CFRunLoopRunSpecific+0x1e3
C  [libjli.dylib+0x6e82]  CreateExecutionEnvironment+0x192
C  [libjli.dylib+0x26a8]  JLI_Launch+0x5d8
C  [java+0xc0e]  main+0x19e
C  [libdyld.dylib+0x1015]  start+0x1


siginfo: si_signo: 11 (SIGSEGV), si_code: 1 (SEGV_MAPERR), si_addr: 0x0000000000000338

Registers:
RAX=0x000000000000dead, RBX=0x000000010d974010, RCX=0x0000000000000000, RDX=0x0000cc000000cd03
RSP=0x00007ffee30c6830, RBP=0x00007ffee30c6870, RSI=0x00007fcaf609d6e1, RDI=0x00007fcaf1870a00
R8 =0x00007fcaf6175d48, R9 =0x0000000000000040, R10=0x01311b0101314600, R11=0x0000000125e63720
R12=0x0000000000000000, R13=0x0000000000000000, R14=0x00007fcaf609d6e1, R15=0x00007fcaf1870ca8
RIP=0x000000010d974047, EFLAGS=0x0000000000010246, ERR=0x0000000000000006
  TRAPNO=0x000000000000000e

Top of Stack: (sp=0x00007ffee30c6830)
0x00007ffee30c6830:   4080180000000000 0000000000000000
0x00007ffee30c6840:   4080180000000000 0000000000000000
0x00007ffee30c6850:   000000010d974010 00007fff77c13e80
0x00007ffee30c6860:   00007fcaf6038a10 00007fcaf1870ca8
0x00007ffee30c6870:   00007ffee30c6910 0000000125e5f675
0x00007ffee30c6880:   0000000000000001 0000000000000800
0x00007ffee30c6890:   0000000000000000 0000000000000000
0x00007ffee30c68a0:   0000000000000000 0000000000000000
0x00007ffee30c68b0:   406f400000000000 0000000000000000
0x00007ffee30c68c0:   4061a00000000000 0000000000000000
0x00007ffee30c68d0:   4080180000000000 0000000000000000
0x00007ffee30c68e0:   4080180000000000 00007fcaf9006ea0
0x00007ffee30c68f0:   00007fcaf6038a10 0000000000000000
0x00007ffee30c6900:   00007fcaf9006e60 00007fcaf9005df0
0x00007ffee30c6910:   00007ffee30c6920 00007fff509f6edc
0x00007ffee30c6920:   00007ffee30c6990 00007fff509f6daa
0x00007ffee30c6930:   00007fffb1315060 00000000c2000000
0x00007ffee30c6940:   00007fff509f6e20 00007fffaaab3ae8
0x00007ffee30c6950:   00007fcaf9006e60 00007fcaf9005df0
0x00007ffee30c6960:   00007fcaf6038a10 00007fff77c13e80
0x00007ffee30c6970:   00007fcaf9006f10 00007ffee30c71d0
0x00007ffee30c6980:   00007fcaf9006e60 00007fcaf1569800
0x00007ffee30c6990:   00007ffee30c69d0 00007fff509f6ae1
0x00007ffee30c69a0:   00007ffee30c6fa0 0000000000000000
0x00007ffee30c69b0:   00007fff77c13e80 0000000000000000
0x00007ffee30c69c0:   00007ffee30c71d0 00007fff4ec0be91
0x00007ffee30c69d0:   00007ffee30c70f0 00007fff509b4880
0x00007ffee30c69e0:   0000000000000000 405dc00000000000
0x00007ffee30c69f0:   00007fcaf1569a30 00007fffaabece01
0x00007ffee30c6a00:   0000000000000000 00007fcaf650e0b0
0x00007ffee30c6a10:   00007fffaabece30 00007fffaaaf5978
0x00007ffee30c6a20:   00007fffaaab5b00 0000000000000000 

Instructions: (pc=0x000000010d974047)
0x000000010d973f47:   ff 15 43 86 7a 00 49 89 c7 4d 85 f6 75 22 eb 08
0x000000010d973f57:   45 31 ff 4d 85 f6 75 18 31 c0 eb 31 49 ff cf 4c
0x000000010d973f67:   89 ff ff 15 29 86 7a 00 49 89 c7 4d 85 f6 74 e8
0x000000010d973f77:   41 f6 c6 01 75 0b 4c 89 f7 ff 15 0a 86 7a 00 eb
0x000000010d973f87:   0c 49 ff ce 4c 89 f7 ff 15 04 86 7a 00 45 31 f6
0x000000010d973f97:   49 39 c7 41 0f 94 c6 4c 89 f7 90 0f 1f 40 00 49
0x000000010d973fa7:   8b 9d e8 00 00 00 48 8b 43 10 48 83 38 00 74 0c
0x000000010d973fb7:   48 89 df e8 41 52 f4 ff 48 8b 43 10 48 8b 4b 08
0x000000010d973fc7:   48 89 41 10 48 8b 43 08 48 8b 4b 18 48 89 48 18
0x000000010d973fd7:   48 8b 43 08 48 8b 4b 20 48 89 48 20 49 8d bd 88
0x000000010d973fe7:   02 00 00 4c 89 ee e8 2e 38 e9 ff 41 c7 85 38 03
0x000000010d973ff7:   00 00 04 00 00 00 44 89 f0 48 83 c4 08 5b 41 5c
0x000000010d974007:   41 5d 41 5e 41 5f 5d c3 90 55 48 89 e5 41 57 41
0x000000010d974017:   56 41 54 53 48 83 ec 20 49 89 f6 49 89 ff 4c 8d
0x000000010d974027:   a7 58 fd ff ff b8 55 21 ff ff 03 87 b8 00 00 00
0x000000010d974037:   83 f8 02 72 0b 4c 89 e7 e8 9c 9d 52 00 45 31 e4
0x000000010d974047:   41 c7 84 24 38 03 00 00 05 00 00 00 f0 83 04 24
0x000000010d974057:   00 49 8b 84 24 40 03 00 00 a8 01 74 0d be 01 00
0x000000010d974067:   00 00 4c 89 e7 e8 5f 81 3c 00 41 83 bc 24 2c 03
0x000000010d974077:   00 00 00 75 0c 41 8b 84 24 28 03 00 00 a8 0c 74
0x000000010d974087:   0a 31 f6 4c 89 e7 e8 4e b7 52 00 41 c7 84 24 38
0x000000010d974097:   03 00 00 06 00 00 00 4c 89 65 c0 48 c7 45 c8 00
0x000000010d9740a7:   00 00 00 49 83 7c 24 08 00 74 09 48 8d 7d c0 e8
0x000000010d9740b7:   55 b3 37 00 4c 89 ff 4c 89 f6 90 0f 1f 40 00 4d
0x000000010d9740c7:   85 f6 74 11 41 f6 c6 01 75 0f 4c 89 f7 ff 15 66
0x000000010d9740d7:   be 7a 00 eb 10 31 f6 eb 0f 49 ff ce 4c 89 f7 ff
0x000000010d9740e7:   15 f4 91 7a 00 48 89 c6 ba 01 00 00 00 4c 89 e7
0x000000010d9740f7:   e8 f4 a2 03 00 49 89 c6 48 89 c7 90 0f 1f 40 00
0x000000010d974107:   48 83 7d c8 00 74 09 48 8d 7d c0 e8 89 b3 37 00
0x000000010d974117:   49 8b 9c 24 e8 00 00 00 48 8b 43 10 48 83 38 00
0x000000010d974127:   74 0c 48 89 df e8 cf 50 f4 ff 48 8b 43 10 48 8b
0x000000010d974137:   4b 08 48 89 41 10 48 8b 43 08 48 8b 4b 18 48 89 



---------------  P R O C E S S  ---------------

VM state: not at safepoint (normal execution)

VM Mutex/Monitor currently owned by a thread: None

Heap address: 0x0000000780000000, size: 2048 MB, Compressed Oops mode: Zero based, Oop shift amount: 3

CDS archive(s) not mapped
Compressed class space mapped at: 0x0000000800000000-0x0000000840000000, reserved size: 1073741824
Narrow klass base: 0x0000000800000000, Narrow klass shift: 0, Narrow klass range: 0x40000000

GC Precious Log:
<Skipped>

Heap:
 garbage-first heap   total 92160K, used 64682K [0x0000000780000000, 0x0000000800000000)
  region size 1024K, 9 young (9216K), 1 survivors (1024K)
 Metaspace       used 29563K, committed 29824K, reserved 1081344K
  class space    used 3577K, committed 3712K, reserved 1048576K

Heap Regions: E=young(eden), S=young(survivor), O=old, HS=humongous(starts), HC=humongous(continues), CS=collection set, F=free, OA=open archive, CA=closed archive, TAMS=top-at-mark-start (previous, next)
|   0|0x0000000780000000, 0x0000000780100000, 0x0000000780100000|100%| O|  |TAMS 0x0000000780100000, 0x0000000780000000| Untracked 
|   1|0x0000000780100000, 0x0000000780200000, 0x0000000780200000|100%| O|  |TAMS 0x0000000780200000, 0x0000000780100000| Untracked 
|   2|0x0000000780200000, 0x0000000780300000, 0x0000000780300000|100%| O|  |TAMS 0x0000000780205c00, 0x0000000780200000| Untracked 
|   3|0x0000000780300000, 0x0000000780400000, 0x0000000780400000|100%|HS|  |TAMS 0x0000000780400000, 0x0000000780300000| Complete 
|   4|0x0000000780400000, 0x0000000780500000, 0x0000000780500000|100%|HC|  |TAMS 0x0000000780500000, 0x0000000780400000| Complete 
|   5|0x0000000780500000, 0x0000000780600000, 0x0000000780600000|100%|HC|  |TAMS 0x0000000780600000, 0x0000000780500000| Complete 
|   6|0x0000000780600000, 0x0000000780700000, 0x0000000780700000|100%|HS|  |TAMS 0x0000000780700000, 0x0000000780600000| Complete 
|   7|0x0000000780700000, 0x0000000780800000, 0x0000000780800000|100%|HC|  |TAMS 0x0000000780800000, 0x0000000780700000| Complete 
|   8|0x0000000780800000, 0x0000000780900000, 0x0000000780900000|100%|HS|  |TAMS 0x0000000780900000, 0x0000000780800000| Complete 
|   9|0x0000000780900000, 0x0000000780a00000, 0x0000000780a00000|100%|HC|  |TAMS 0x0000000780a00000, 0x0000000780900000| Complete 
|  10|0x0000000780a00000, 0x0000000780b00000, 0x0000000780b00000|100%|HC|  |TAMS 0x0000000780b00000, 0x0000000780a00000| Complete 
|  11|0x0000000780b00000, 0x0000000780c00000, 0x0000000780c00000|100%|HC|  |TAMS 0x0000000780c00000, 0x0000000780b00000| Complete 
|  12|0x0000000780c00000, 0x0000000780d00000, 0x0000000780d00000|100%|HC|  |TAMS 0x0000000780d00000, 0x0000000780c00000| Complete 
|  13|0x0000000780d00000, 0x0000000780e00000, 0x0000000780e00000|100%|HC|  |TAMS 0x0000000780e00000, 0x0000000780d00000| Complete 
|  14|0x0000000780e00000, 0x0000000780f00000, 0x0000000780f00000|100%|HC|  |TAMS 0x0000000780f00000, 0x0000000780e00000| Complete 
|  15|0x0000000780f00000, 0x0000000781000000, 0x0000000781000000|100%|HC|  |TAMS 0x0000000781000000, 0x0000000780f00000| Complete 
|  16|0x0000000781000000, 0x0000000781100000, 0x0000000781100000|100%|HC|  |TAMS 0x0000000781100000, 0x0000000781000000| Complete 
|  17|0x0000000781100000, 0x0000000781200000, 0x0000000781200000|100%|HC|  |TAMS 0x0000000781200000, 0x0000000781100000| Complete 
|  18|0x0000000781200000, 0x0000000781300000, 0x0000000781300000|100%|HC|  |TAMS 0x0000000781300000, 0x0000000781200000| Complete 
|  19|0x0000000781300000, 0x0000000781400000, 0x0000000781400000|100%|HC|  |TAMS 0x0000000781400000, 0x0000000781300000| Complete 
|  20|0x0000000781400000, 0x0000000781500000, 0x0000000781500000|100%|HC|  |TAMS 0x0000000781500000, 0x0000000781400000| Complete 
|  21|0x0000000781500000, 0x0000000781500000, 0x0000000781600000|  0%| F|  |TAMS 0x0000000781500000, 0x0000000781500000| Untracked 
|  22|0x0000000781600000, 0x0000000781700000, 0x0000000781700000|100%|HS|  |TAMS 0x0000000781600000, 0x0000000781600000| Complete 
|  23|0x0000000781700000, 0x0000000781800000, 0x0000000781800000|100%|HC|  |TAMS 0x0000000781700000, 0x0000000781700000| Complete 
|  24|0x0000000781800000, 0x0000000781900000, 0x0000000781900000|100%|HC|  |TAMS 0x0000000781800000, 0x0000000781800000| Complete 
|  25|0x0000000781900000, 0x0000000781a00000, 0x0000000781a00000|100%|HC|  |TAMS 0x0000000781900000, 0x0000000781900000| Complete 
|  26|0x0000000781a00000, 0x0000000781b00000, 0x0000000781b00000|100%|HS|  |TAMS 0x0000000781a00000, 0x0000000781a00000| Complete 
|  27|0x0000000781b00000, 0x0000000781c00000, 0x0000000781c00000|100%|HC|  |TAMS 0x0000000781b00000, 0x0000000781b00000| Complete 
|  28|0x0000000781c00000, 0x0000000781d00000, 0x0000000781d00000|100%|HS|  |TAMS 0x0000000781c00000, 0x0000000781c00000| Complete 
|  29|0x0000000781d00000, 0x0000000781e00000, 0x0000000781e00000|100%|HC|  |TAMS 0x0000000781d00000, 0x0000000781d00000| Complete 
|  30|0x0000000781e00000, 0x0000000781f00000, 0x0000000781f00000|100%|HS|  |TAMS 0x0000000781e00000, 0x0000000781e00000| Complete 
|  31|0x0000000781f00000, 0x0000000782000000, 0x0000000782000000|100%|HS|  |TAMS 0x0000000781f00000, 0x0000000781f00000| Complete 
|  32|0x0000000782000000, 0x0000000782100000, 0x0000000782100000|100%|HC|  |TAMS 0x0000000782000000, 0x0000000782000000| Complete 
|  33|0x0000000782100000, 0x0000000782200000, 0x0000000782200000|100%|HC|  |TAMS 0x0000000782100000, 0x0000000782100000| Complete 
|  34|0x0000000782200000, 0x0000000782300000, 0x0000000782300000|100%|HS|  |TAMS 0x0000000782200000, 0x0000000782200000| Complete 
|  35|0x0000000782300000, 0x0000000782400000, 0x0000000782400000|100%|HC|  |TAMS 0x0000000782300000, 0x0000000782300000| Complete 
|  36|0x0000000782400000, 0x0000000782500000, 0x0000000782500000|100%|HC|  |TAMS 0x0000000782400000, 0x0000000782400000| Complete 
|  37|0x0000000782500000, 0x0000000782600000, 0x0000000782600000|100%|HC|  |TAMS 0x0000000782500000, 0x0000000782500000| Complete 
|  38|0x0000000782600000, 0x0000000782700000, 0x0000000782700000|100%|HS|  |TAMS 0x0000000782600000, 0x0000000782600000| Complete 
|  39|0x0000000782700000, 0x0000000782800000, 0x0000000782800000|100%|HC|  |TAMS 0x0000000782700000, 0x0000000782700000| Complete 
|  40|0x0000000782800000, 0x0000000782900000, 0x0000000782900000|100%|HC|  |TAMS 0x0000000782800000, 0x0000000782800000| Complete 
|  41|0x0000000782900000, 0x0000000782a00000, 0x0000000782a00000|100%|HS|  |TAMS 0x0000000782900000, 0x0000000782900000| Complete 
|  42|0x0000000782a00000, 0x0000000782b00000, 0x0000000782b00000|100%|HC|  |TAMS 0x0000000782a00000, 0x0000000782a00000| Complete 
|  43|0x0000000782b00000, 0x0000000782c00000, 0x0000000782c00000|100%|HS|  |TAMS 0x0000000782b00000, 0x0000000782b00000| Complete 
|  44|0x0000000782c00000, 0x0000000782d00000, 0x0000000782d00000|100%|HC|  |TAMS 0x0000000782c00000, 0x0000000782c00000| Complete 
|  45|0x0000000782d00000, 0x0000000782e00000, 0x0000000782e00000|100%|HC|  |TAMS 0x0000000782d00000, 0x0000000782d00000| Complete 
|  46|0x0000000782e00000, 0x0000000782f00000, 0x0000000782f00000|100%|HS|  |TAMS 0x0000000782e00000, 0x0000000782e00000| Complete 
|  47|0x0000000782f00000, 0x0000000783000000, 0x0000000783000000|100%|HC|  |TAMS 0x0000000782f00000, 0x0000000782f00000| Complete 
|  48|0x0000000783000000, 0x0000000783100000, 0x0000000783100000|100%|HC|  |TAMS 0x0000000783000000, 0x0000000783000000| Complete 
|  49|0x0000000783100000, 0x0000000783200000, 0x0000000783200000|100%|HC|  |TAMS 0x0000000783100000, 0x0000000783100000| Complete 
|  50|0x0000000783200000, 0x0000000783200000, 0x0000000783300000|  0%| F|  |TAMS 0x0000000783200000, 0x0000000783200000| Untracked 
|  51|0x0000000783300000, 0x0000000783300000, 0x0000000783400000|  0%| F|  |TAMS 0x0000000783300000, 0x0000000783300000| Untracked 
|  52|0x0000000783400000, 0x0000000783400000, 0x0000000783500000|  0%| F|  |TAMS 0x0000000783400000, 0x0000000783400000| Untracked 
|  53|0x0000000783500000, 0x0000000783500000, 0x0000000783600000|  0%| F|  |TAMS 0x0000000783500000, 0x0000000783500000| Untracked 
|  54|0x0000000783600000, 0x0000000783600000, 0x0000000783700000|  0%| F|  |TAMS 0x0000000783600000, 0x0000000783600000| Untracked 
|  55|0x0000000783700000, 0x0000000783700000, 0x0000000783800000|  0%| F|  |TAMS 0x0000000783700000, 0x0000000783700000| Untracked 
|  56|0x0000000783800000, 0x0000000783800000, 0x0000000783900000|  0%| F|  |TAMS 0x0000000783800000, 0x0000000783800000| Untracked 
|  57|0x0000000783900000, 0x0000000783a00000, 0x0000000783a00000|100%| O|  |TAMS 0x0000000783900000, 0x0000000783900000| Untracked 
|  58|0x0000000783a00000, 0x0000000783b00000, 0x0000000783b00000|100%| O|  |TAMS 0x0000000783a00000, 0x0000000783a00000| Untracked 
|  59|0x0000000783b00000, 0x0000000783c00000, 0x0000000783c00000|100%| O|  |TAMS 0x0000000783b00000, 0x0000000783b00000| Untracked 
|  60|0x0000000783c00000, 0x0000000783d00000, 0x0000000783d00000|100%| O|  |TAMS 0x0000000783c00000, 0x0000000783c00000| Untracked 
|  61|0x0000000783d00000, 0x0000000783e00000, 0x0000000783e00000|100%| O|  |TAMS 0x0000000783d00000, 0x0000000783d00000| Untracked 
|  62|0x0000000783e00000, 0x0000000783f00000, 0x0000000783f00000|100%| O|  |TAMS 0x0000000783e00000, 0x0000000783e00000| Untracked 
|  63|0x0000000783f00000, 0x0000000783f8aa00, 0x0000000784000000| 54%| O|  |TAMS 0x0000000783f00000, 0x0000000783f00000| Untracked 
|  64|0x0000000784000000, 0x0000000784000000, 0x0000000784100000|  0%| F|  |TAMS 0x0000000784000000, 0x0000000784000000| Untracked 
|  65|0x0000000784100000, 0x0000000784100000, 0x0000000784200000|  0%| F|  |TAMS 0x0000000784100000, 0x0000000784100000| Untracked 
|  66|0x0000000784200000, 0x0000000784200000, 0x0000000784300000|  0%| F|  |TAMS 0x0000000784200000, 0x0000000784200000| Untracked 
|  67|0x0000000784300000, 0x0000000784300000, 0x0000000784400000|  0%| F|  |TAMS 0x0000000784300000, 0x0000000784300000| Untracked 
|  68|0x0000000784400000, 0x0000000784400000, 0x0000000784500000|  0%| F|  |TAMS 0x0000000784400000, 0x0000000784400000| Untracked 
|  69|0x0000000784500000, 0x0000000784500000, 0x0000000784600000|  0%| F|  |TAMS 0x0000000784500000, 0x0000000784500000| Untracked 
|  70|0x0000000784600000, 0x0000000784600000, 0x0000000784700000|  0%| F|  |TAMS 0x0000000784600000, 0x0000000784600000| Untracked 
|  71|0x0000000784700000, 0x0000000784700000, 0x0000000784800000|  0%| F|  |TAMS 0x0000000784700000, 0x0000000784700000| Untracked 
|  72|0x0000000784800000, 0x0000000784800000, 0x0000000784900000|  0%| F|  |TAMS 0x0000000784800000, 0x0000000784800000| Untracked 
|  73|0x0000000784900000, 0x0000000784900000, 0x0000000784a00000|  0%| F|  |TAMS 0x0000000784900000, 0x0000000784900000| Untracked 
|  74|0x0000000784a00000, 0x0000000784a00000, 0x0000000784b00000|  0%| F|  |TAMS 0x0000000784a00000, 0x0000000784a00000| Untracked 
|  75|0x0000000784b00000, 0x0000000784b00000, 0x0000000784c00000|  0%| F|  |TAMS 0x0000000784b00000, 0x0000000784b00000| Untracked 
|  76|0x0000000784c00000, 0x0000000784c00000, 0x0000000784d00000|  0%| F|  |TAMS 0x0000000784c00000, 0x0000000784c00000| Untracked 
|  77|0x0000000784d00000, 0x0000000784d00000, 0x0000000784e00000|  0%| F|  |TAMS 0x0000000784d00000, 0x0000000784d00000| Untracked 
|  78|0x0000000784e00000, 0x0000000784e00000, 0x0000000784f00000|  0%| F|  |TAMS 0x0000000784e00000, 0x0000000784e00000| Untracked 
|  79|0x0000000784f00000, 0x0000000784f00000, 0x0000000785000000|  0%| F|  |TAMS 0x0000000784f00000, 0x0000000784f00000| Untracked 
|  80|0x0000000785000000, 0x0000000785000000, 0x0000000785100000|  0%| F|  |TAMS 0x0000000785000000, 0x0000000785000000| Untracked 
|  81|0x0000000785100000, 0x000000078517dfc8, 0x0000000785200000| 49%| E|  |TAMS 0x0000000785100000, 0x0000000785100000| Complete 
|  82|0x0000000785200000, 0x0000000785300000, 0x0000000785300000|100%| E|CS|TAMS 0x0000000785200000, 0x0000000785200000| Complete 
|  83|0x0000000785300000, 0x0000000785400000, 0x0000000785400000|100%| E|  |TAMS 0x0000000785300000, 0x0000000785300000| Complete 
|  84|0x0000000785400000, 0x0000000785500000, 0x0000000785500000|100%| E|CS|TAMS 0x0000000785400000, 0x0000000785400000| Complete 
| 104|0x0000000786800000, 0x0000000786900000, 0x0000000786900000|100%| E|CS|TAMS 0x0000000786800000, 0x0000000786800000| Complete 
| 108|0x0000000786c00000, 0x0000000786d00000, 0x0000000786d00000|100%| E|CS|TAMS 0x0000000786c00000, 0x0000000786c00000| Complete 
| 109|0x0000000786d00000, 0x0000000786e00000, 0x0000000786e00000|100%| E|CS|TAMS 0x0000000786d00000, 0x0000000786d00000| Complete 
| 110|0x0000000786e00000, 0x0000000786e21f40, 0x0000000786f00000| 13%| S|CS|TAMS 0x0000000786e00000, 0x0000000786e00000| Complete 
| 127|0x0000000787f00000, 0x0000000788000000, 0x0000000788000000|100%| E|CS|TAMS 0x0000000787f00000, 0x0000000787f00000| Complete 

Card table byte_map: [0x0000000112649000,0x0000000112a49000] _byte_map_base: 0x000000010ea49000

Marking Bits (Prev, Next): (CMBitMap*) 0x00007fcaf2830850, (CMBitMap*) 0x00007fcaf2830810
 Prev Bits: [0x0000000114e49000, 0x0000000116e49000)
 Next Bits: [0x0000000112e49000, 0x0000000114e49000)

Polling page: 0x000000010cb7e000

Metaspace:

Usage:
  Non-class:     25.38 MB used.
      Class:      3.49 MB used.
       Both:     28.87 MB used.

Virtual space:
  Non-class space:       32.00 MB reserved,      25.50 MB ( 80%) committed,  4 nodes.
      Class space:        1.00 GB reserved,       3.62 MB ( <1%) committed,  1 nodes.
             Both:        1.03 GB reserved,      29.12 MB (  3%) committed. 

Chunk freelists:
   Non-Class:  2.41 MB
       Class:  255.00 KB
        Both:  2.66 MB

MaxMetaspaceSize: unlimited
CompressedClassSpaceSize: 1.00 GB
Initial GC threshold: 21.00 MB
Current GC threshold: 35.31 MB
CDS: off
MetaspaceReclaimPolicy: balanced
 - commit_granule_bytes: 65536.
 - commit_granule_words: 8192.
 - virtual_space_node_default_size: 1048576.
 - enlarge_chunks_in_place: 1.
 - new_chunks_are_fully_committed: 0.
 - uncommit_free_chunks: 1.
 - use_allocation_guard: 0.
 - handle_deallocations: 1.


Internal statistics:

num_allocs_failed_limit: 3.
num_arena_births: 264.
num_arena_deaths: 0.
num_vsnodes_births: 5.
num_vsnodes_deaths: 0.
num_space_committed: 466.
num_space_uncommitted: 0.
num_chunks_returned_to_freelist: 3.
num_chunks_taken_from_freelist: 729.
num_chunk_merges: 3.
num_chunk_splits: 473.
num_chunks_enlarged: 348.
num_purges: 0.
num_inconsistent_stats: 0.

CodeHeap 'non-profiled nmethods': size=120032Kb used=886Kb max_used=886Kb free=119145Kb
 bounds [0x000005cc720af000, 0x000005cc7231f000, 0x000005cc795e7000]
CodeHeap 'profiled nmethods': size=120028Kb used=3835Kb max_used=3835Kb free=116192Kb
 bounds [0x000005cc6ab78000, 0x000005cc6af38000, 0x000005cc720af000]
CodeHeap 'non-nmethods': size=5700Kb used=1530Kb max_used=1599Kb free=4169Kb
 bounds [0x000005cc6a5e7000, 0x000005cc6a857000, 0x000005cc6ab78000]
 total_blobs=3137 nmethods=2217 adapters=833
 compilation: enabled
              stopped_count=0, restarted_count=0
 full_count=0

Compilation events (20 events):
Event: 48.314 Thread 0x00007fcaf2875000 2224       3       java.util.concurrent.locks.ReentrantLock$Sync::tryLock (63 bytes)
Event: 48.315 Thread 0x00007fcaf2875000 nmethod 2224 0x000005cc6af31f10 code [0x000005cc6af32120, 0x000005cc6af32698]
Event: 52.696 Thread 0x00007fcaf2875000 2225       3       java.awt.Component::isDisplayable (13 bytes)
Event: 52.697 Thread 0x00007fcaf2875000 nmethod 2225 0x000005cc6af32790 code [0x000005cc6af32920, 0x000005cc6af32a98]
Event: 59.129 Thread 0x00007fcaf2875000 2226       3       entity.GameAct::isOverMap (40 bytes)
Event: 59.129 Thread 0x00007fcaf2875000 nmethod 2226 0x000005cc6af32b10 code [0x000005cc6af32cc0, 0x000005cc6af32f78]
Event: 63.957 Thread 0x00007fcaf2875000 2227       1       dto.GameDto::getGameAct (5 bytes)
Event: 63.957 Thread 0x00007fcaf2875000 nmethod 2227 0x000005cc7218c810 code [0x000005cc7218c9a0, 0x000005cc7218ca78]
Event: 76.025 Thread 0x00007fcaf2875000 2228       3       javax.swing.RepaintManager::currentManager (37 bytes)
Event: 76.026 Thread 0x00007fcaf2875000 nmethod 2228 0x000005cc6af33090 code [0x000005cc6af33260, 0x000005cc6af335c8]
Event: 80.047 Thread 0x00007fcaf2875000 2229       3       sun.awt.AWTAccessor::getEventQueueAccessor (15 bytes)
Event: 80.048 Thread 0x00007fcaf2875000 nmethod 2229 0x000005cc6af33710 code [0x000005cc6af33900, 0x000005cc6af33cc8]
Event: 80.048 Thread 0x00007fcaf2875000 2230       3       sun.awt.SunToolkit::wakeupEventQueue (11 bytes)
Event: 80.050 Thread 0x00007fcaf2875000 nmethod 2230 0x000005cc6af33e90 code [0x000005cc6af340a0, 0x000005cc6af345d8]
Event: 80.050 Thread 0x00007fcaf2875000 2231       3       java.awt.EventQueue$2::wakeup (6 bytes)
Event: 80.050 Thread 0x00007fcaf2875000 nmethod 2231 0x000005cc6af34890 code [0x000005cc6af34a40, 0x000005cc6af34b88]
Event: 80.050 Thread 0x00007fcaf2875000 2232   !   3       java.awt.EventQueue::wakeup (79 bytes)
Event: 80.051 Thread 0x00007fcaf2875000 nmethod 2232 0x000005cc6af34c90 code [0x000005cc6af34ee0, 0x000005cc6af35718]
Event: 80.051 Thread 0x00007fcaf2875000 2233   !   3       sun.awt.PostEventQueue::postEvent (81 bytes)
Event: 80.053 Thread 0x00007fcaf2875000 nmethod 2233 0x000005cc6af35b10 code [0x000005cc6af35d80, 0x000005cc6af368f8]

GC Heap History (10 events):
Event: 1.544 GC heap before
{Heap before GC invocations=0 (full 0):
 garbage-first heap   total 131072K, used 13312K [0x0000000780000000, 0x0000000800000000)
  region size 1024K, 13 young (13312K), 0 survivors (0K)
 Metaspace       used 8912K, committed 9088K, reserved 1064960K
  class space    used 865K, committed 960K, reserved 1048576K
}
Event: 1.558 GC heap after
{Heap after GC invocations=1 (full 0):
 garbage-first heap   total 131072K, used 1568K [0x0000000780000000, 0x0000000800000000)
  region size 1024K, 2 young (2048K), 2 survivors (2048K)
 Metaspace       used 8912K, committed 9088K, reserved 1064960K
  class space    used 865K, committed 960K, reserved 1048576K
}
Event: 2.862 GC heap before
{Heap before GC invocations=1 (full 0):
 garbage-first heap   total 131072K, used 20000K [0x0000000780000000, 0x0000000800000000)
  region size 1024K, 20 young (20480K), 2 survivors (2048K)
 Metaspace       used 16136K, committed 16320K, reserved 1064960K
  class space    used 1755K, committed 1856K, reserved 1048576K
}
Event: 2.898 GC heap after
{Heap after GC invocations=2 (full 0):
 garbage-first heap   total 131072K, used 5143K [0x0000000780000000, 0x0000000800000000)
  region size 1024K, 3 young (3072K), 3 survivors (3072K)
 Metaspace       used 16136K, committed 16320K, reserved 1064960K
  class space    used 1755K, committed 1856K, reserved 1048576K
}
Event: 6.317 GC heap before
{Heap before GC invocations=2 (full 0):
 garbage-first heap   total 131072K, used 39959K [0x0000000780000000, 0x0000000800000000)
  region size 1024K, 20 young (20480K), 3 survivors (3072K)
 Metaspace       used 21338K, committed 21504K, reserved 1073152K
  class space    used 2568K, committed 2624K, reserved 1048576K
}
Event: 6.335 GC heap after
{Heap after GC invocations=3 (full 0):
 garbage-first heap   total 131072K, used 25396K [0x0000000780000000, 0x0000000800000000)
  region size 1024K, 4 young (4096K), 4 survivors (4096K)
 Metaspace       used 21338K, committed 21504K, reserved 1073152K
  class space    used 2568K, committed 2624K, reserved 1048576K
}
Event: 7.531 GC heap before
{Heap before GC invocations=4 (full 0):
 garbage-first heap   total 92160K, used 77620K [0x0000000780000000, 0x0000000800000000)
  region size 1024K, 33 young (33792K), 4 survivors (4096K)
 Metaspace       used 25461K, committed 25728K, reserved 1073152K
  class space    used 3049K, committed 3200K, reserved 1048576K
}
Event: 7.547 GC heap after
{Heap after GC invocations=5 (full 0):
 garbage-first heap   total 92160K, used 53257K [0x0000000780000000, 0x0000000800000000)
  region size 1024K, 7 young (7168K), 7 survivors (7168K)
 Metaspace       used 25461K, committed 25728K, reserved 1073152K
  class space    used 3049K, committed 3200K, reserved 1048576K
}
Event: 7.564 GC heap before
{Heap before GC invocations=5 (full 0):
 garbage-first heap   total 92160K, used 57353K [0x0000000780000000, 0x0000000800000000)
  region size 1024K, 8 young (8192K), 7 survivors (7168K)
 Metaspace       used 25461K, committed 25728K, reserved 1073152K
  class space    used 3049K, committed 3200K, reserved 1048576K
}
Event: 7.573 GC heap after
{Heap after GC invocations=6 (full 0):
 garbage-first heap   total 92160K, used 57010K [0x0000000780000000, 0x0000000800000000)
  region size 1024K, 1 young (1024K), 1 survivors (1024K)
 Metaspace       used 25461K, committed 25728K, reserved 1073152K
  class space    used 3049K, committed 3200K, reserved 1048576K
}

Deoptimization events (20 events):
Event: 11.671 Thread 0x00007fcaf1a36400 Uncommon trap: trap_request=0xffffffde fr.pc=0x000005cc7215cecc relative=0x0000000000002aec
Event: 11.671 Thread 0x00007fcaf1a36400 Uncommon trap: reason=class_check action=maybe_recompile pc=0x000005cc7215cecc method=sun.awt.image.ImageDecoder.setPixels(IIIILjava/awt/image/ColorModel;[III)I @ 44 c2
Event: 11.671 Thread 0x00007fcaf1a36400 DEOPT PACKING pc=0x000005cc7215cecc sp=0x0000700010fd5790
Event: 11.671 Thread 0x00007fcaf1a36400 DEOPT UNPACKING pc=0x000005cc6a6390a1 sp=0x0000700010fd55d8 mode 2
Event: 11.672 Thread 0x00007fcaf1a36400 DEOPT PACKING pc=0x000005cc6ae3674d sp=0x0000700010fd56c0
Event: 11.672 Thread 0x00007fcaf1a36400 DEOPT UNPACKING pc=0x000005cc6a639837 sp=0x0000700010fd4b80 mode 0
Event: 11.674 Thread 0x00007fcaf1a36400 Uncommon trap: trap_request=0xffffffde fr.pc=0x000005cc7215cecc relative=0x0000000000002aec
Event: 11.674 Thread 0x00007fcaf1a36400 Uncommon trap: reason=class_check action=maybe_recompile pc=0x000005cc7215cecc method=sun.awt.image.ImageDecoder.setPixels(IIIILjava/awt/image/ColorModel;[III)I @ 44 c2
Event: 11.674 Thread 0x00007fcaf1a36400 DEOPT PACKING pc=0x000005cc7215cecc sp=0x0000700010fd5790
Event: 11.674 Thread 0x00007fcaf1a36400 DEOPT UNPACKING pc=0x000005cc6a6390a1 sp=0x0000700010fd55d8 mode 2
Event: 11.675 Thread 0x00007fcaf1a36400 DEOPT PACKING pc=0x000005cc6ae365be sp=0x0000700010fd56c0
Event: 11.675 Thread 0x00007fcaf1a36400 DEOPT UNPACKING pc=0x000005cc6a639837 sp=0x0000700010fd4b80 mode 0
Event: 11.675 Thread 0x00007fcaf1a36400 Uncommon trap: trap_request=0xffffffde fr.pc=0x000005cc7215cecc relative=0x0000000000002aec
Event: 11.675 Thread 0x00007fcaf1a36400 Uncommon trap: reason=class_check action=maybe_recompile pc=0x000005cc7215cecc method=sun.awt.image.ImageDecoder.setPixels(IIIILjava/awt/image/ColorModel;[III)I @ 44 c2
Event: 11.675 Thread 0x00007fcaf1a36400 DEOPT PACKING pc=0x000005cc7215cecc sp=0x0000700010fd5790
Event: 11.675 Thread 0x00007fcaf1a36400 DEOPT UNPACKING pc=0x000005cc6a6390a1 sp=0x0000700010fd55d8 mode 2
Event: 11.730 Thread 0x00007fcaf1a3d400 DEOPT PACKING pc=0x000005cc6ae1c8ab sp=0x00007000110d85e0
Event: 11.730 Thread 0x00007fcaf1a3d400 DEOPT UNPACKING pc=0x000005cc6a639837 sp=0x00007000110d7aa0 mode 0
Event: 11.732 Thread 0x00007fcaf1a3d400 DEOPT PACKING pc=0x000005cc6ae365be sp=0x00007000110d86c0
Event: 11.732 Thread 0x00007fcaf1a3d400 DEOPT UNPACKING pc=0x000005cc6a639837 sp=0x00007000110d7b80 mode 0

Classes unloaded (0 events):
No events

Classes redefined (0 events):
No events

Internal exceptions (20 events):
Event: 6.289 Thread 0x00007fcaf1870a00 Exception <a 'sun/nio/fs/UnixException'{0x00000007870fea78}> (0x00000007870fea78) 
thrown [src/hotspot/share/prims/jni.cpp, line 516]
Event: 6.349 Thread 0x00007fcaf1870a00 Exception <a 'java/lang/ClassNotFoundException'{0x0000000787f46f60}: com/sun/org/apache/xerces/internal/impl/msg/spi/SAXMessagesProvider> (0x0000000787f46f60) 
thrown [src/hotspot/share/classfile/systemDictionary.cpp, line 256]
Event: 6.441 Thread 0x00007fcaf1870a00 Exception <a 'java/lang/ClassNotFoundException'{0x000000078544e810}: sun/awt/resources/spi/awtProvider> (0x000000078544e810) 
thrown [src/hotspot/share/classfile/systemDictionary.cpp, line 256]
Event: 6.480 Thread 0x00007fcaf1870a00 Exception <a 'java/io/FileNotFoundException'{0x0000000785453170}> (0x0000000785453170) 
thrown [src/hotspot/share/prims/jni.cpp, line 516]
Event: 6.481 Thread 0x00007fcaf1870a00 Exception <a 'java/io/FileNotFoundException'{0x0000000785454bb0}> (0x0000000785454bb0) 
thrown [src/hotspot/share/prims/jni.cpp, line 516]
Event: 6.536 Thread 0x00007fcaf1870a00 Exception <a 'java/lang/ClassNotFoundException'{0x0000000785482570}: sun/awt/resources/spi/awtosxProvider> (0x0000000785482570) 
thrown [src/hotspot/share/classfile/systemDictionary.cpp, line 256]
Event: 6.646 Thread 0x00007fcaf1870a00 Exception <a 'java/lang/NoSuchMethodError'{0x00000007854c3490}: 'java.lang.Object java.lang.invoke.DirectMethodHandle$Holder.invokeStatic(java.lang.Object, int, java.lang.Object, java.lang.Object, java.lang.Object, java.lang.Object)'> (0x00000007854c3490) 
thrown [src/hotspot/share/interpreter/linkResolver.cpp, line 766]
Event: 6.657 Thread 0x00007fcaf1870a00 Exception <a 'java/lang/NoSuchMethodError'{0x00000007854e8f10}: 'java.lang.Object java.lang.invoke.DirectMethodHandle$Holder.invokeStatic(java.lang.Object, int, java.lang.Object)'> (0x00000007854e8f10) 
thrown [src/hotspot/share/interpreter/linkResolver.cpp, line 766]
Event: 6.669 Thread 0x00007fcaf1870a00 Exception <a 'java/lang/ClassNotFoundException'{0x000000078531a8b0}: com/apple/laf/resources/spi/aquaProvider> (0x000000078531a8b0) 
thrown [src/hotspot/share/classfile/systemDictionary.cpp, line 256]
Event: 6.868 Thread 0x00007fcaf1870a00 Exception <a 'java/lang/ClassNotFoundException'{0x00000007853c3820}: com/sun/swing/internal/plaf/basic/resources/spi/basicProvider> (0x00000007853c3820) 
thrown [src/hotspot/share/classfile/systemDictionary.cpp, line 256]
Event: 6.895 Thread 0x00007fcaf1a36400 Exception <a 'java/lang/NoSuchMethodError'{0x000000078520efc8}: 'java.lang.Object java.lang.invoke.DirectMethodHandle$Holder.newInvokeSpecial(java.lang.Object, java.lang.Object, java.lang.Object, int, int, int, int, int)'> (0x000000078520efc8) 
thrown [src/hotspot/share/interpreter/linkResolver.cpp, line 766]
Event: 7.657 Thread 0x00007fcaf1870a00 Exception <a 'java/lang/NoSuchMethodError'{0x0000000786c92480}: static Ldto/Player;.<clinit>()V> (0x0000000786c92480) 
thrown [src/hotspot/share/prims/jni.cpp, line 1107]
Event: 7.780 Thread 0x00007fcaf1870a00 Exception <a 'java/lang/NoSuchMethodError'{0x0000000786cf0b08}: 'java.lang.Object java.lang.invoke.DirectMethodHandle$Holder.newInvokeSpecial(java.lang.Object, java.lang.Object, java.lang.Object, int, java.lang.Object)'> (0x0000000786cf0b08) 
thrown [src/hotspot/share/interpreter/linkResolver.cpp, line 766]
Event: 7.799 Thread 0x00007fcaf1870a00 Exception <a 'java/lang/NoSuchMethodError'{0x0000000786809e70}: 'java.lang.Object java.lang.invoke.Invokers$Holder.linkToTargetMethod(int, int, int, int, java.lang.Object)'> (0x0000000786809e70) 
thrown [src/hotspot/share/interpreter/linkResolver.cpp, line 766]
Event: 7.803 Thread 0x00007fcaf1870a00 Exception <a 'java/lang/NoSuchMethodError'{0x000000078680ddb0}: 'void java.lang.invoke.DirectMethodHandle$Holder.invokeStatic(java.lang.Object, java.lang.Object, long)'> (0x000000078680ddb0) 
thrown [src/hotspot/share/interpreter/linkResolver.cpp, line 766]
Event: 7.837 Thread 0x00007fcaf1870a00 Exception <a 'java/lang/NoSuchMethodError'{0x0000000786828b40}: 'void java.lang.invoke.DirectMethodHandle$Holder.invokeSpecial(java.lang.Object, java.lang.Object, long)'> (0x0000000786828b40) 
thrown [src/hotspot/share/interpreter/linkResolver.cpp, line 766]
Event: 7.838 Thread 0x00007fcaf1870a00 Exception <a 'java/lang/NoSuchMethodError'{0x000000078682f1b8}: 'void java.lang.invoke.DirectMethodHandle$Holder.invokeStatic(java.lang.Object, long, long)'> (0x000000078682f1b8) 
thrown [src/hotspot/share/interpreter/linkResolver.cpp, line 766]
Event: 7.839 Thread 0x00007fcaf1870a00 Exception <a 'java/lang/NoSuchMethodError'{0x0000000786834d30}: 'java.lang.Object java.lang.invoke.DirectMethodHandle$Holder.newInvokeSpecial(java.lang.Object, long)'> (0x0000000786834d30) 
thrown [src/hotspot/share/interpreter/linkResolver.cpp, line 766]
Event: 8.120 Thread 0x00007fcaf1870a00 Exception <a 'java/lang/NoSuchMethodError'{0x0000000786899918}: 'void java.lang.invoke.DirectMethodHandle$Holder.invokeStatic(java.lang.Object, long)'> (0x0000000786899918) 
thrown [src/hotspot/share/interpreter/linkResolver.cpp, line 766]
Event: 10.610 Thread 0x00007fcaf19e2e00 Exception <a 'sun/nio/fs/UnixException'{0x00000007854e3d20}> (0x00000007854e3d20) 
thrown [src/hotspot/share/prims/jni.cpp, line 516]

VM Operations (20 events):
Event: 8.577 Executing VM operation: Cleanup
Event: 8.577 Executing VM operation: Cleanup done
Event: 9.580 Executing VM operation: Cleanup
Event: 9.580 Executing VM operation: Cleanup done
Event: 10.584 Executing VM operation: Cleanup
Event: 10.584 Executing VM operation: Cleanup done
Event: 11.589 Executing VM operation: Cleanup
Event: 11.589 Executing VM operation: Cleanup done
Event: 11.666 Executing VM operation: HandshakeAllThreads
Event: 11.666 Executing VM operation: HandshakeAllThreads done
Event: 12.671 Executing VM operation: Cleanup
Event: 12.671 Executing VM operation: Cleanup done
Event: 13.675 Executing VM operation: Cleanup
Event: 13.675 Executing VM operation: Cleanup done
Event: 14.678 Executing VM operation: Cleanup
Event: 14.678 Executing VM operation: Cleanup done
Event: 15.682 Executing VM operation: Cleanup
Event: 15.683 Executing VM operation: Cleanup done
Event: 17.692 Executing VM operation: Cleanup
Event: 17.692 Executing VM operation: Cleanup done

Events (20 events):
Event: 15.235 Protecting memory [0x0000700010c4d000,0x0000700010c51000] with protection modes 0
Event: 15.235 Thread 0x00007fcaf70dcc00 Thread added: 0x00007fcaf70dcc00
Event: 15.535 Protecting memory [0x0000700010c4d000,0x0000700010c51000] with protection modes 3
Event: 15.535 Thread 0x00007fcaf70dcc00 Thread exited: 0x00007fcaf70dcc00
Event: 16.681 Protecting memory [0x0000700010ed6000,0x0000700010eda000] with protection modes 3
Event: 16.681 Thread 0x00007fcaf1a36400 Thread exited: 0x00007fcaf1a36400
Event: 16.738 Protecting memory [0x0000700010fd9000,0x0000700010fdd000] with protection modes 3
Event: 16.738 Thread 0x00007fcaf1a3d400 Thread exited: 0x00007fcaf1a3d400
Event: 16.953 Protecting memory [0x0000700010c4d000,0x0000700010c51000] with protection modes 0
Event: 16.953 Thread 0x00007fcaf70f7400 Thread added: 0x00007fcaf70f7400
Event: 16.971 Protecting memory [0x0000700010023000,0x0000700010027000] with protection modes 3
Event: 16.971 Thread 0x00007fcaf1892c00 Thread exited: 0x00007fcaf1892c00
Event: 16.971 Protecting memory [0x0000700010841000,0x0000700010845000] with protection modes 3
Event: 16.971 Thread 0x00007fcaf31c9a00 Thread exited: 0x00007fcaf31c9a00
Event: 16.972 Protecting memory [0x00007ffee28ca000,0x00007ffee28ce000] with protection modes 3
Event: 16.972 Protecting memory [0x000000010e57a000,0x000000010e57e000] with protection modes 3
Event: 16.972 Thread 0x00007fcaf1870a00 Thread exited: 0x00007fcaf1870a00
Event: 16.972 Thread 0x00007fcaf2801a00 Thread exited: 0x00007fcaf2801a00
Event: 16.972 Protecting memory [0x000000010e57a000,0x000000010e57e000] with protection modes 0
Event: 16.972 Thread 0x00007fcaf88b0400 Thread added: 0x00007fcaf88b0400


Dynamic libraries:
0x00007fff78623000 	/usr/lib/libz.1.dylib
0x000000010cb43000 	/Applications/Eclipse.app/Contents/Eclipse/plugins/org.eclipse.justj.openjdk.hotspot.jre.full.macosx.x86_64_17.0.1.v20211116-1657/jre/lib/libjli.dylib
0x00007fff501a9000 	/System/Library/Frameworks/Cocoa.framework/Versions/A/Cocoa
0x00007fff5c7c5000 	/System/Library/Frameworks/Security.framework/Versions/A/Security
0x00007fff4edeb000 	/System/Library/Frameworks/ApplicationServices.framework/Versions/A/ApplicationServices
0x00007fff76554000 	/usr/lib/libSystem.B.dylib
0x00007fff786d1000 	/usr/lib/system/libcache.dylib
0x00007fff786d6000 	/usr/lib/system/libcommonCrypto.dylib
0x00007fff786e1000 	/usr/lib/system/libcompiler_rt.dylib
0x00007fff786e9000 	/usr/lib/system/libcopyfile.dylib
0x00007fff786f3000 	/usr/lib/system/libcorecrypto.dylib
0x00007fff78800000 	/usr/lib/system/libdispatch.dylib
0x00007fff7883a000 	/usr/lib/system/libdyld.dylib
0x00007fff78858000 	/usr/lib/system/libkeymgr.dylib
0x00007fff78866000 	/usr/lib/system/liblaunch.dylib
0x00007fff78867000 	/usr/lib/system/libmacho.dylib
0x00007fff7886c000 	/usr/lib/system/libquarantine.dylib
0x00007fff7886f000 	/usr/lib/system/libremovefile.dylib
0x00007fff78871000 	/usr/lib/system/libsystem_asl.dylib
0x00007fff78889000 	/usr/lib/system/libsystem_blocks.dylib
0x00007fff7888a000 	/usr/lib/system/libsystem_c.dylib
0x00007fff78914000 	/usr/lib/system/libsystem_configuration.dylib
0x00007fff78918000 	/usr/lib/system/libsystem_coreservices.dylib
0x00007fff7891c000 	/usr/lib/system/libsystem_darwin.dylib
0x00007fff7891e000 	/usr/lib/system/libsystem_dnssd.dylib
0x00007fff78925000 	/usr/lib/system/libsystem_info.dylib
0x00007fff78996000 	/usr/lib/system/libsystem_m.dylib
0x00007fff789e2000 	/usr/lib/system/libsystem_malloc.dylib
0x00007fff78a02000 	/usr/lib/system/libsystem_network.dylib
0x00007fff78b33000 	/usr/lib/system/libsystem_networkextension.dylib
0x00007fff78b3e000 	/usr/lib/system/libsystem_notify.dylib
0x00007fff78b5c000 	/usr/lib/system/libsystem_sandbox.dylib
0x00007fff78b60000 	/usr/lib/system/libsystem_secinit.dylib
0x00007fff7896f000 	/usr/lib/system/libsystem_kernel.dylib
0x00007fff78b48000 	/usr/lib/system/libsystem_platform.dylib
0x00007fff78b50000 	/usr/lib/system/libsystem_pthread.dylib
0x00007fff78b62000 	/usr/lib/system/libsystem_symptoms.dylib
0x00007fff78b6a000 	/usr/lib/system/libsystem_trace.dylib
0x00007fff78b7f000 	/usr/lib/system/libunwind.dylib
0x00007fff78b85000 	/usr/lib/system/libxpc.dylib
0x00007fff7601a000 	/usr/lib/closure/libclosured.dylib
0x00007fff77c0d000 	/usr/lib/libobjc.A.dylib
0x00007fff767e0000 	/usr/lib/libc++abi.dylib
0x00007fff76789000 	/usr/lib/libc++.1.dylib
0x00007fff5095c000 	/System/Library/Frameworks/CoreFoundation.framework/Versions/A/CoreFoundation
0x00007fff52abd000 	/System/Library/Frameworks/Foundation.framework/Versions/C/Foundation
0x00007fff4df3b000 	/System/Library/Frameworks/AppKit.framework/Versions/C/AppKit
0x00007fff50521000 	/System/Library/Frameworks/CoreData.framework/Versions/A/CoreData
0x00007fff6fe92000 	/System/Library/PrivateFrameworks/RemoteViewServices.framework/Versions/A/RemoteViewServices
0x00007fff745f9000 	/System/Library/PrivateFrameworks/UIFoundation.framework/Versions/A/UIFoundation
0x00007fff64c8d000 	/System/Library/PrivateFrameworks/DFRFoundation.framework/Versions/A/DFRFoundation
0x00007fff55129000 	/System/Library/Frameworks/Metal.framework/Versions/A/Metal
0x00007fff64e2a000 	/System/Library/PrivateFrameworks/DesktopServicesPriv.framework/Versions/A/DesktopServicesPriv
0x00007fff7715a000 	/usr/lib/libenergytrace.dylib
0x00007fff72664000 	/System/Library/PrivateFrameworks/SkyLight.framework/Versions/A/SkyLight
0x00007fff50dff000 	/System/Library/Frameworks/CoreGraphics.framework/Versions/A/CoreGraphics
0x00007fff7654f000 	/usr/lib/libScreenReader.dylib
0x00007fff4ced5000 	/System/Library/Frameworks/Accelerate.framework/Versions/A/Accelerate
0x00007fff53237000 	/System/Library/Frameworks/IOSurface.framework/Versions/A/IOSurface
0x00007fff4f335000 	/System/Library/Frameworks/AudioToolbox.framework/Versions/A/AudioToolbox
0x00007fff4f5c5000 	/System/Library/Frameworks/AudioUnit.framework/Versions/A/AudioUnit
0x00007fff64d25000 	/System/Library/PrivateFrameworks/DataDetectorsCore.framework/Versions/A/DataDetectorsCore
0x00007fff4fc9c000 	/System/Library/Frameworks/Carbon.framework/Versions/A/Frameworks/HIToolbox.framework/Versions/A/HIToolbox
0x00007fff772b4000 	/usr/lib/libicucore.A.dylib
0x00007fff5bd41000 	/System/Library/Frameworks/QuartzCore.framework/Versions/A/QuartzCore
0x00007fff7191b000 	/System/Library/PrivateFrameworks/SignpostNotification.framework/Versions/A/SignpostNotification
0x00007fff50082000 	/System/Library/Frameworks/Carbon.framework/Versions/A/Frameworks/SpeechRecognition.framework/Versions/A/SpeechRecognition
0x00007fff766b0000 	/usr/lib/libauto.dylib
0x00007fff78512000 	/usr/lib/libxml2.2.dylib
0x00007fff648de000 	/System/Library/PrivateFrameworks/CoreUI.framework/Versions/A/CoreUI
0x00007fff503fd000 	/System/Library/Frameworks/CoreAudio.framework/Versions/A/CoreAudio
0x00007fff528f7000 	/System/Library/Frameworks/DiskArbitration.framework/Versions/A/DiskArbitration
0x00007fff77528000 	/usr/lib/liblangid.dylib
0x00007fff6c398000 	/System/Library/PrivateFrameworks/MultitouchSupport.framework/Versions/A/MultitouchSupport
0x00007fff5319a000 	/System/Library/Frameworks/IOKit.framework/Versions/A/IOKit
0x00007fff761de000 	/usr/lib/libDiagnosticMessagesClient.dylib
0x00007fff51ad5000 	/System/Library/Frameworks/CoreServices.framework/Versions/A/CoreServices
0x00007fff6deca000 	/System/Library/PrivateFrameworks/PerformanceAnalysis.framework/Versions/A/PerformanceAnalysis
0x00007fff5aee3000 	/System/Library/Frameworks/OpenGL.framework/Versions/A/OpenGL
0x00007fff501b7000 	/System/Library/Frameworks/ColorSync.framework/Versions/A/ColorSync
0x00007fff51411000 	/System/Library/Frameworks/CoreImage.framework/Versions/A/CoreImage
0x00007fff52465000 	/System/Library/Frameworks/CoreText.framework/Versions/A/CoreText
0x00007fff53295000 	/System/Library/Frameworks/ImageIO.framework/Versions/A/ImageIO
0x00007fff615d5000 	/System/Library/PrivateFrameworks/Backup.framework/Versions/A/Backup
0x00007fff76600000 	/usr/lib/libarchive.2.dylib
0x00007fff4f8e8000 	/System/Library/Frameworks/CFNetwork.framework/Versions/A/CFNetwork
0x00007fff5cf58000 	/System/Library/Frameworks/SystemConfiguration.framework/Versions/A/SystemConfiguration
0x00007fff76107000 	/usr/lib/libCRFSuite.dylib
0x00007fff7676a000 	/usr/lib/libbsm.0.dylib
0x00007fff78859000 	/usr/lib/system/libkxld.dylib
0x00007fff76418000 	/usr/lib/libOpenScriptingUtil.dylib
0x00007fff76ad9000 	/usr/lib/libcoretls.dylib
0x00007fff76af2000 	/usr/lib/libcoretls_cfhelpers.dylib
0x00007fff7800e000 	/usr/lib/libpam.2.dylib
0x00007fff78135000 	/usr/lib/libsqlite3.dylib
0x00007fff78501000 	/usr/lib/libxar.1.dylib
0x00007fff7677b000 	/usr/lib/libbz2.1.0.dylib
0x00007fff7752a000 	/usr/lib/liblzma.5.dylib
0x00007fff77a0b000 	/usr/lib/libnetwork.dylib
0x00007fff765e9000 	/usr/lib/libapple_nghttp2.dylib
0x00007fff78015000 	/usr/lib/libpcap.A.dylib
0x00007fff766b1000 	/usr/lib/libboringssl.dylib
0x00007fff7849c000 	/usr/lib/libusrtcp.dylib
0x00007fff765e8000 	/usr/lib/libapple_crypto.dylib
0x00007fff51e58000 	/System/Library/Frameworks/CoreServices.framework/Versions/A/Frameworks/FSEvents.framework/Versions/A/FSEvents
0x00007fff51b4b000 	/System/Library/Frameworks/CoreServices.framework/Versions/A/Frameworks/CarbonCore.framework/Versions/A/CarbonCore
0x00007fff5201f000 	/System/Library/Frameworks/CoreServices.framework/Versions/A/Frameworks/Metadata.framework/Versions/A/Metadata
0x00007fff520d0000 	/System/Library/Frameworks/CoreServices.framework/Versions/A/Frameworks/OSServices.framework/Versions/A/OSServices
0x00007fff52131000 	/System/Library/Frameworks/CoreServices.framework/Versions/A/Frameworks/SearchKit.framework/Versions/A/SearchKit
0x00007fff51ad6000 	/System/Library/Frameworks/CoreServices.framework/Versions/A/Frameworks/AE.framework/Versions/A/AE
0x00007fff51e61000 	/System/Library/Frameworks/CoreServices.framework/Versions/A/Frameworks/LaunchServices.framework/Versions/A/LaunchServices
0x00007fff51e23000 	/System/Library/Frameworks/CoreServices.framework/Versions/A/Frameworks/DictionaryServices.framework/Versions/A/DictionaryServices
0x00007fff521a0000 	/System/Library/Frameworks/CoreServices.framework/Versions/A/Frameworks/SharedFileList.framework/Versions/A/SharedFileList
0x00007fff5635f000 	/System/Library/Frameworks/NetFS.framework/Versions/A/NetFS
0x00007fff6c629000 	/System/Library/PrivateFrameworks/NetAuth.framework/Versions/A/NetAuth
0x00007fff75eb1000 	/System/Library/PrivateFrameworks/login.framework/Versions/A/Frameworks/loginsupport.framework/Versions/A/loginsupport
0x00007fff74276000 	/System/Library/PrivateFrameworks/TCC.framework/Versions/A/TCC
0x00007fff7760b000 	/usr/lib/libmecabra.dylib
0x00007fff4edec000 	/System/Library/Frameworks/ApplicationServices.framework/Versions/A/Frameworks/ATS.framework/Versions/A/ATS
0x00007fff4f19a000 	/System/Library/Frameworks/ApplicationServices.framework/Versions/A/Frameworks/ColorSyncLegacy.framework/Versions/A/ColorSyncLegacy
0x00007fff4f23e000 	/System/Library/Frameworks/ApplicationServices.framework/Versions/A/Frameworks/HIServices.framework/Versions/A/HIServices
0x00007fff4f291000 	/System/Library/Frameworks/ApplicationServices.framework/Versions/A/Frameworks/LangAnalysis.framework/Versions/A/LangAnalysis
0x00007fff4f2a0000 	/System/Library/Frameworks/ApplicationServices.framework/Versions/A/Frameworks/PrintCore.framework/Versions/A/PrintCore
0x00007fff4f2ed000 	/System/Library/Frameworks/ApplicationServices.framework/Versions/A/Frameworks/QD.framework/Versions/A/QD
0x00007fff4f328000 	/System/Library/Frameworks/ApplicationServices.framework/Versions/A/Frameworks/SpeechSynthesis.framework/Versions/A/SpeechSynthesis
0x00007fff50878000 	/System/Library/Frameworks/CoreDisplay.framework/Versions/A/CoreDisplay
0x00007fff4ceed000 	/System/Library/Frameworks/Accelerate.framework/Versions/A/Frameworks/vImage.framework/Versions/A/vImage
0x00007fff4dc47000 	/System/Library/Frameworks/Accelerate.framework/Versions/A/Frameworks/vecLib.framework/Versions/A/vecLib
0x00007fff4d9e7000 	/System/Library/Frameworks/Accelerate.framework/Versions/A/Frameworks/vecLib.framework/Versions/A/libvDSP.dylib
0x00007fff4d547000 	/System/Library/Frameworks/Accelerate.framework/Versions/A/Frameworks/vecLib.framework/Versions/A/libBNNS.dylib
0x00007fff4d94c000 	/System/Library/Frameworks/Accelerate.framework/Versions/A/Frameworks/vecLib.framework/Versions/A/libQuadrature.dylib
0x00007fff4db95000 	/System/Library/Frameworks/Accelerate.framework/Versions/A/Frameworks/vecLib.framework/Versions/A/libvMisc.dylib
0x00007fff4d576000 	/System/Library/Frameworks/Accelerate.framework/Versions/A/Frameworks/vecLib.framework/Versions/A/libLAPACK.dylib
0x00007fff4d3ec000 	/System/Library/Frameworks/Accelerate.framework/Versions/A/Frameworks/vecLib.framework/Versions/A/libBLAS.dylib
0x00007fff4d936000 	/System/Library/Frameworks/Accelerate.framework/Versions/A/Frameworks/vecLib.framework/Versions/A/libLinearAlgebra.dylib
0x00007fff4d952000 	/System/Library/Frameworks/Accelerate.framework/Versions/A/Frameworks/vecLib.framework/Versions/A/libSparse.dylib
0x00007fff4d9d3000 	/System/Library/Frameworks/Accelerate.framework/Versions/A/Frameworks/vecLib.framework/Versions/A/libSparseBLAS.dylib
0x00007fff69469000 	/System/Library/PrivateFrameworks/GPUWrangler.framework/Versions/A/GPUWrangler
0x00007fff6abfa000 	/System/Library/PrivateFrameworks/IOAccelerator.framework/Versions/A/IOAccelerator
0x00007fff6ac05000 	/System/Library/PrivateFrameworks/IOPresentment.framework/Versions/A/IOPresentment
0x00007fff64c9f000 	/System/Library/PrivateFrameworks/DSExternalDisplay.framework/Versions/A/DSExternalDisplay
0x00007fff5a362000 	/System/Library/Frameworks/OpenGL.framework/Versions/A/Libraries/libCoreFSCache.dylib
0x00007fff525b6000 	/System/Library/Frameworks/CoreVideo.framework/Versions/A/CoreVideo
0x00007fff6a1e4000 	/System/Library/PrivateFrameworks/GraphVisualizer.framework/Versions/A/GraphVisualizer
0x00007fff55360000 	/System/Library/Frameworks/MetalPerformanceShaders.framework/Versions/A/MetalPerformanceShaders
0x00007fff76216000 	/usr/lib/libFosl_dynamic.dylib
0x00007fff65d73000 	/System/Library/PrivateFrameworks/FaceCore.framework/Versions/A/FaceCore
0x00007fff5915d000 	/System/Library/Frameworks/OpenCL.framework/Versions/A/OpenCL
0x00007fff76817000 	/usr/lib/libcompression.dylib
0x00007fff4eeeb000 	/System/Library/Frameworks/ApplicationServices.framework/Versions/A/Frameworks/ATS.framework/Versions/A/Resources/libFontParser.dylib
0x00007fff4f00e000 	/System/Library/Frameworks/ApplicationServices.framework/Versions/A/Frameworks/ATS.framework/Versions/A/Resources/libFontRegistry.dylib
0x00007fff534fd000 	/System/Library/Frameworks/ImageIO.framework/Versions/A/Resources/libJPEG.dylib
0x00007fff53826000 	/System/Library/Frameworks/ImageIO.framework/Versions/A/Resources/libTIFF.dylib
0x00007fff537fc000 	/System/Library/Frameworks/ImageIO.framework/Versions/A/Resources/libPng.dylib
0x00007fff53410000 	/System/Library/Frameworks/ImageIO.framework/Versions/A/Resources/libGIF.dylib
0x00007fff53415000 	/System/Library/Frameworks/ImageIO.framework/Versions/A/Resources/libJP2.dylib
0x00007fff53823000 	/System/Library/Frameworks/ImageIO.framework/Versions/A/Resources/libRadiance.dylib
0x00007fff60d00000 	/System/Library/PrivateFrameworks/AppleJPEG.framework/Versions/A/AppleJPEG
0x00007fff551c7000 	/System/Library/Frameworks/MetalPerformanceShaders.framework/Frameworks/MPSCore.framework/Versions/A/MPSCore
0x00007fff551e3000 	/System/Library/Frameworks/MetalPerformanceShaders.framework/Frameworks/MPSImage.framework/Versions/A/MPSImage
0x00007fff55278000 	/System/Library/Frameworks/MetalPerformanceShaders.framework/Frameworks/MPSNeuralNetwork.framework/Versions/A/MPSNeuralNetwork
0x00007fff55253000 	/System/Library/Frameworks/MetalPerformanceShaders.framework/Frameworks/MPSMatrix.framework/Versions/A/MPSMatrix
0x00007fff6c0fb000 	/System/Library/PrivateFrameworks/MetalTools.framework/Versions/A/MetalTools
0x00007fff5a52d000 	/System/Library/Frameworks/OpenGL.framework/Versions/A/Libraries/libGLU.dylib
0x00007fff5a36d000 	/System/Library/Frameworks/OpenGL.framework/Versions/A/Libraries/libGFXShared.dylib
0x00007fff5a377000 	/System/Library/Frameworks/OpenGL.framework/Versions/A/Libraries/libGL.dylib
0x00007fff5a383000 	/System/Library/Frameworks/OpenGL.framework/Versions/A/Libraries/libGLImage.dylib
0x00007fff5a35f000 	/System/Library/Frameworks/OpenGL.framework/Versions/A/Libraries/libCVMSPluginSupport.dylib
0x00007fff5a368000 	/System/Library/Frameworks/OpenGL.framework/Versions/A/Libraries/libCoreVMClient.dylib
0x00007fff76fc4000 	/usr/lib/libcups.2.dylib
0x00007fff5472e000 	/System/Library/Frameworks/Kerberos.framework/Versions/A/Kerberos
0x00007fff52ef4000 	/System/Library/Frameworks/GSS.framework/Versions/A/GSS
0x00007fff780c8000 	/usr/lib/libresolv.9.dylib
0x00007fff771c2000 	/usr/lib/libiconv.2.dylib
0x00007fff6a276000 	/System/Library/PrivateFrameworks/Heimdal.framework/Versions/A/Heimdal
0x00007fff77191000 	/usr/lib/libheimdal-asn1.dylib
0x00007fff591d5000 	/System/Library/Frameworks/OpenDirectory.framework/Versions/A/OpenDirectory
0x00007fff63016000 	/System/Library/PrivateFrameworks/CommonAuth.framework/Versions/A/CommonAuth
0x00007fff591b8000 	/System/Library/Frameworks/OpenDirectory.framework/Versions/A/Frameworks/CFOpenDirectory.framework/Versions/A/CFOpenDirectory
0x00007fff5caf1000 	/System/Library/Frameworks/SecurityFoundation.framework/Versions/A/SecurityFoundation
0x00007fff5fec5000 	/System/Library/PrivateFrameworks/APFS.framework/Versions/A/APFS
0x00007fff784fd000 	/usr/lib/libutil.dylib
0x00007fff60d83000 	/System/Library/PrivateFrameworks/AppleSauce.framework/Versions/A/AppleSauce
0x00007fff6b3e2000 	/System/Library/PrivateFrameworks/LinguisticData.framework/Versions/A/LinguisticData
0x00007fff77544000 	/usr/lib/libmarisa.dylib
0x00007fff6b39c000 	/System/Library/PrivateFrameworks/Lexicon.framework/Versions/A/Lexicon
0x00007fff76141000 	/usr/lib/libChineseTokenizer.dylib
0x00007fff76806000 	/usr/lib/libcmph.dylib
0x00007fff6b2a6000 	/System/Library/PrivateFrameworks/LanguageModeling.framework/Versions/A/LanguageModeling
0x00007fff63b25000 	/System/Library/PrivateFrameworks/CoreEmoji.framework/Versions/A/CoreEmoji
0x00007fff5cbaf000 	/System/Library/Frameworks/ServiceManagement.framework/Versions/A/ServiceManagement
0x00007fff615cd000 	/System/Library/PrivateFrameworks/BackgroundTaskManagement.framework/Versions/A/BackgroundTaskManagement
0x00007fff785fa000 	/usr/lib/libxslt.1.dylib
0x00007fff4ffac000 	/System/Library/Frameworks/Carbon.framework/Versions/A/Frameworks/Ink.framework/Versions/A/Ink
0x00007fff7448b000 	/System/Library/PrivateFrameworks/TextureIO.framework/Versions/A/TextureIO
0x00007fff7662b000 	/usr/lib/libate.dylib
0x00007fff64bff000 	/System/Library/PrivateFrameworks/CrashReporterSupport.framework/Versions/A/CrashReporterSupport
0x00007fff717db000 	/System/Library/PrivateFrameworks/Sharing.framework/Versions/A/Sharing
0x00007fff6afe7000 	/System/Library/PrivateFrameworks/IconServices.framework/Versions/A/IconServices
0x00007fff611fd000 	/System/Library/PrivateFrameworks/AuthKit.framework/Versions/A/AuthKit
0x00007fff60b83000 	/System/Library/PrivateFrameworks/Apple80211.framework/Versions/A/Apple80211
0x00007fff64a14000 	/System/Library/PrivateFrameworks/CoreUtils.framework/Versions/A/CoreUtils
0x00007fff525f1000 	/System/Library/Frameworks/CoreWLAN.framework/Versions/A/CoreWLAN
0x00007fff53036000 	/System/Library/Frameworks/IOBluetooth.framework/Versions/A/IOBluetooth
0x00007fff6fc99000 	/System/Library/PrivateFrameworks/ProtocolBuffer.framework/Versions/A/ProtocolBuffer
0x00007fff6c2f3000 	/System/Library/PrivateFrameworks/MobileKeyBag.framework/Versions/A/MobileKeyBag
0x00007fff642c9000 	/System/Library/PrivateFrameworks/CorePhoneNumbers.framework/Versions/A/CorePhoneNumbers
0x00007fff60cbb000 	/System/Library/PrivateFrameworks/AppleIDAuthSupport.framework/Versions/A/AppleIDAuthSupport
0x00007fff6b292000 	/System/Library/PrivateFrameworks/KeychainCircle.framework/Versions/A/KeychainCircle
0x00007fff64b9a000 	/System/Library/PrivateFrameworks/CoreWiFi.framework/Versions/A/CoreWiFi
0x00007fff504f7000 	/System/Library/Frameworks/CoreBluetooth.framework/Versions/A/CoreBluetooth
0x00007fff64de9000 	/System/Library/PrivateFrameworks/DebugSymbols.framework/Versions/A/DebugSymbols
0x00007fff647ca000 	/System/Library/PrivateFrameworks/CoreSymbolication.framework/Versions/A/CoreSymbolication
0x00007fff73c7c000 	/System/Library/PrivateFrameworks/Symbolication.framework/Versions/A/Symbolication
0x00007fff60bad000 	/System/Library/PrivateFrameworks/AppleFSCompression.framework/Versions/A/AppleFSCompression
0x00007fff730c9000 	/System/Library/PrivateFrameworks/SpeechRecognitionCore.framework/Versions/A/SpeechRecognitionCore
0x00007fff48eeb000 	/System/Library/CoreServices/Encodings/libTraditionalChineseConverter.dylib
0x000000010d400000 	/Applications/Eclipse.app/Contents/Eclipse/plugins/org.eclipse.justj.openjdk.hotspot.jre.full.macosx.x86_64_17.0.1.v20211116-1657/jre/lib/server/libjvm.dylib
0x000000010cb72000 	/Applications/Eclipse.app/Contents/Eclipse/plugins/org.eclipse.justj.openjdk.hotspot.jre.full.macosx.x86_64_17.0.1.v20211116-1657/jre/lib/libjimage.dylib
0x000000010cbc8000 	/Applications/Eclipse.app/Contents/Eclipse/plugins/org.eclipse.justj.openjdk.hotspot.jre.full.macosx.x86_64_17.0.1.v20211116-1657/jre/lib/libjava.dylib
0x00000001193a9000 	/Applications/Eclipse.app/Contents/Eclipse/plugins/org.eclipse.justj.openjdk.hotspot.jre.full.macosx.x86_64_17.0.1.v20211116-1657/jre/lib/./libzip.dylib
0x00000001193bf000 	/Applications/Eclipse.app/Contents/Eclipse/plugins/org.eclipse.justj.openjdk.hotspot.jre.full.macosx.x86_64_17.0.1.v20211116-1657/jre/lib/libnio.dylib
0x00000001193d4000 	/Applications/Eclipse.app/Contents/Eclipse/plugins/org.eclipse.justj.openjdk.hotspot.jre.full.macosx.x86_64_17.0.1.v20211116-1657/jre/lib/./libnet.dylib
0x00000001195e5000 	/Users/artchief/Downloads/javafx-sdk-17.0.2/lib/libprism_es2.dylib
0x00007fff6445c000 	/System/Library/PrivateFrameworks/CoreServicesInternal.framework/Versions/A/CoreServicesInternal
0x00007fff5aef3000 	/System/Library/Frameworks/OpenGL.framework/Versions/A/Resources/GLEngine.bundle/GLEngine
0x00007fff5a3bf000 	/System/Library/Frameworks/OpenGL.framework/Versions/A/Libraries/libGLProgrammability.dylib
0x000000011a800000 	/System/Library/Extensions/AppleIntelSKLGraphicsGLDriver.bundle/Contents/MacOS/AppleIntelSKLGraphicsGLDriver
0x00007fff6945d000 	/System/Library/PrivateFrameworks/GPUSupport.framework/Versions/A/Libraries/libGPUSupportMercury.dylib
0x00007fff5b08b000 	/System/Library/Frameworks/OpenGL.framework/Versions/A/Resources/GLRendererFloat.bundle/GLRendererFloat
0x00007fff59154000 	/System/Library/Frameworks/OpenCL.framework/Versions/A/Libraries/libcldcpuengine.dylib
0x00007fff76c8c000 	/usr/lib/libcrypto.35.dylib
0x00007fff745f2000 	/System/Library/PrivateFrameworks/TrustEvaluationAgent.framework/Versions/A/TrustEvaluationAgent
0x0000000119ab5000 	/Users/artchief/Downloads/javafx-sdk-17.0.2/lib/libglass.dylib
0x00007fff48f13000 	/System/Library/CoreServices/RawCamera.bundle/Contents/MacOS/RawCamera
0x00007fff6c16d000 	/System/Library/PrivateFrameworks/MobileAsset.framework/Versions/A/MobileAsset
0x00007fff73583000 	/System/Library/PrivateFrameworks/StreamingZip.framework/Versions/A/StreamingZip
0x00007fff54abd000 	/System/Library/Frameworks/MediaToolbox.framework/Versions/A/MediaToolbox
0x00007fff63764000 	/System/Library/PrivateFrameworks/CoreAVCHD.framework/Versions/A/CoreAVCHD
0x00007fff54a06000 	/System/Library/Frameworks/MediaAccessibility.framework/Versions/A/MediaAccessibility
0x00007fff6bbe8000 	/System/Library/PrivateFrameworks/Mangrove.framework/Versions/A/Mangrove
0x00007fff5198f000 	/System/Library/Frameworks/CoreMedia.framework/Versions/A/CoreMedia
0x00007fff5d17d000 	/System/Library/Frameworks/VideoToolbox.framework/Versions/A/VideoToolbox
0x00007fff6335b000 	/System/Library/PrivateFrameworks/CoreAUC.framework/Versions/A/CoreAUC
0x00007fff78133000 	/usr/lib/libspindump.dylib
0x00007fff60e78000 	/System/Library/PrivateFrameworks/AppleVA.framework/Versions/A/AppleVA
0x00007fff4ced6000 	/System/Library/Frameworks/Accelerate.framework/Versions/A/Frameworks/vImage.framework/Versions/A/Libraries/libCGInterfaces.dylib
0x00007fff4f0fd000 	/System/Library/Frameworks/ApplicationServices.framework/Versions/A/Frameworks/ATS.framework/Versions/A/Resources/libTrueTypeScaler.dylib
0x00007fff4aae2000 	/System/Library/Extensions/AppleIntelSKLGraphicsMTLDriver.bundle/Contents/MacOS/AppleIntelSKLGraphicsMTLDriver
0x00007fff67dfd000 	/System/Library/PrivateFrameworks/GPUCompiler.framework/Versions/3802/Libraries/libmetal_timestamp.dylib
0x0000000120b4b000 	/Users/artchief/Downloads/javafx-sdk-17.0.2/lib/libjavafx_font.dylib
0x0000000120b63000 	/Users/artchief/Downloads/javafx-sdk-17.0.2/lib/libjavafx_iio.dylib
0x00007fff7547d000 	/System/Library/PrivateFrameworks/ViewBridge.framework/Versions/A/ViewBridge
0x00007fff50042000 	/System/Library/Frameworks/Carbon.framework/Versions/A/Frameworks/OpenScripting.framework/Versions/A/OpenScripting
0x000000011f91a000 	/Applications/Eclipse.app/Contents/Eclipse/plugins/org.eclipse.justj.openjdk.hotspot.jre.full.macosx.x86_64_17.0.1.v20211116-1657/jre/lib/libverify.dylib
0x0000000125cf3000 	/Applications/Eclipse.app/Contents/Eclipse/plugins/org.eclipse.justj.openjdk.hotspot.jre.full.macosx.x86_64_17.0.1.v20211116-1657/jre/lib/libawt.dylib
0x0000000125db2000 	/Applications/Eclipse.app/Contents/Eclipse/plugins/org.eclipse.justj.openjdk.hotspot.jre.full.macosx.x86_64_17.0.1.v20211116-1657/jre/lib/./libmlib_image.dylib
0x00007fff54720000 	/System/Library/Frameworks/JavaVM.framework/Versions/A/Frameworks/JavaRuntimeSupport.framework/Versions/A/JavaRuntimeSupport
0x00007fff54717000 	/System/Library/Frameworks/JavaVM.framework/Versions/A/Frameworks/JavaNativeFoundation.framework/Versions/A/JavaNativeFoundation
0x00007fff54729000 	/System/Library/Frameworks/JavaVM.framework/Versions/A/JavaVM
0x00007fff4fc97000 	/System/Library/Frameworks/Carbon.framework/Versions/A/Carbon
0x00007fff6b1a8000 	/System/Library/PrivateFrameworks/JavaLaunching.framework/Versions/A/JavaLaunching
0x00007fff4fc98000 	/System/Library/Frameworks/Carbon.framework/Versions/A/Frameworks/CommonPanels.framework/Versions/A/CommonPanels
0x00007fff4ffa2000 	/System/Library/Frameworks/Carbon.framework/Versions/A/Frameworks/Help.framework/Versions/A/Help
0x00007fff4ffa6000 	/System/Library/Frameworks/Carbon.framework/Versions/A/Frameworks/ImageCapture.framework/Versions/A/ImageCapture
0x00007fff5007d000 	/System/Library/Frameworks/Carbon.framework/Versions/A/Frameworks/Print.framework/Versions/A/Print
0x00007fff5007f000 	/System/Library/Frameworks/Carbon.framework/Versions/A/Frameworks/SecurityHI.framework/Versions/A/SecurityHI
0x0000000125e4e000 	/Applications/Eclipse.app/Contents/Eclipse/plugins/org.eclipse.justj.openjdk.hotspot.jre.full.macosx.x86_64_17.0.1.v20211116-1657/jre/lib/libawt_lwawt.dylib
0x000000011fbcc000 	/Applications/Eclipse.app/Contents/Eclipse/plugins/org.eclipse.justj.openjdk.hotspot.jre.full.macosx.x86_64_17.0.1.v20211116-1657/jre/lib/./libosxapp.dylib
0x00007fff52a96000 	/System/Library/Frameworks/ExceptionHandling.framework/Versions/A/ExceptionHandling
0x0000000125f5a000 	/Applications/Eclipse.app/Contents/Eclipse/plugins/org.eclipse.justj.openjdk.hotspot.jre.full.macosx.x86_64_17.0.1.v20211116-1657/jre/lib/libfontmanager.dylib
0x00000001260ee000 	/Applications/Eclipse.app/Contents/Eclipse/plugins/org.eclipse.justj.openjdk.hotspot.jre.full.macosx.x86_64_17.0.1.v20211116-1657/jre/lib/./libfreetype.dylib
0x000000011f92c000 	/Applications/Eclipse.app/Contents/Eclipse/plugins/org.eclipse.justj.openjdk.hotspot.jre.full.macosx.x86_64_17.0.1.v20211116-1657/jre/lib/libosxui.dylib
0x000000012752f000 	/Applications/Eclipse.app/Contents/Eclipse/plugins/org.eclipse.justj.openjdk.hotspot.jre.full.macosx.x86_64_17.0.1.v20211116-1657/jre/lib/libjavajpeg.dylib
0x00007fff4f131000 	/System/Library/Frameworks/ApplicationServices.framework/Versions/A/Frameworks/ATS.framework/Versions/A/Resources/libType1Scaler.dylib
0x00007fff75eb4000 	/System/Library/PrivateFrameworks/login.framework/Versions/A/login


VM Arguments:
jvm_args: -Dfile.encoding=UTF-8 --module-path=/Users/artchief/eclipse-workspace/S11/bin:/Applications/Eclipse.app/Contents/Eclipse/plugins/org.eclipse.fx.ide.css.jfx8_3.7.0.202010120832.jar:/Users/artchief/Downloads/javafx-sdk-17.0.2/lib/javafx-swt.jar:/Users/artchief/Downloads/javafx-sdk-17.0.2/lib/javafx.base.jar:/Users/artchief/Downloads/javafx-sdk-17.0.2/lib/javafx.controls.jar:/Users/artchief/Downloads/javafx-sdk-17.0.2/lib/javafx.fxml.jar:/Users/artchief/Downloads/javafx-sdk-17.0.2/lib/javafx.graphics.jar:/Users/artchief/Downloads/javafx-sdk-17.0.2/lib/javafx.media.jar:/Users/artchief/Downloads/javafx-sdk-17.0.2/lib/javafx.swing.jar:/Users/artchief/Downloads/javafx-sdk-17.0.2/lib/javafx.web.jar:/Users/artchief/eclipse-workspace/S11/lib/dom4j-1.6.1.jar -XX:+ShowCodeDetailsInExceptionMessages -Djdk.module.main=combineGame 
java_command: combineGame/application.Main_chooseTheGame
java_class_path (initial): <not set>
Launcher Type: SUN_STANDARD

[Global flags]
     intx CICompilerCount                          = 3                                         {product} {ergonomic}
     uint ConcGCThreads                            = 1                                         {product} {ergonomic}
     uint G1ConcRefinementThreads                  = 4                                         {product} {ergonomic}
   size_t G1HeapRegionSize                         = 1048576                                   {product} {ergonomic}
    uintx GCDrainStackTargetSize                   = 64                                        {product} {ergonomic}
   size_t InitialHeapSize                          = 134217728                                 {product} {ergonomic}
   size_t MarkStackSize                            = 4194304                                   {product} {ergonomic}
   size_t MaxHeapSize                              = 2147483648                                {product} {ergonomic}
   size_t MaxNewSize                               = 1287651328                                {product} {ergonomic}
   size_t MinHeapDeltaBytes                        = 1048576                                   {product} {ergonomic}
   size_t MinHeapSize                              = 8388608                                   {product} {ergonomic}
    uintx NonNMethodCodeHeapSize                   = 5832780                                {pd product} {ergonomic}
    uintx NonProfiledCodeHeapSize                  = 122912730                              {pd product} {ergonomic}
    uintx ProfiledCodeHeapSize                     = 122912730                              {pd product} {ergonomic}
    uintx ReservedCodeCacheSize                    = 251658240                              {pd product} {ergonomic}
     bool SegmentedCodeCache                       = true                                      {product} {ergonomic}
     bool ShowCodeDetailsInExceptionMessages       = true                                   {manageable} {command line}
   size_t SoftMaxHeapSize                          = 2147483648                             {manageable} {ergonomic}
     bool UseCompressedClassPointers               = true                           {product lp64_product} {ergonomic}
     bool UseCompressedOops                        = true                           {product lp64_product} {ergonomic}
     bool UseG1GC                                  = true                                      {product} {ergonomic}
     bool UseNUMA                                  = false                                     {product} {ergonomic}
     bool UseNUMAInterleaving                      = false                                     {product} {ergonomic}

Logging:
Log output configuration:
 #0: stdout all=warning uptime,level,tags
 #1: stderr all=off uptime,level,tags

Environment Variables:
PATH=/usr/bin:/bin:/usr/sbin:/sbin
SHELL=/bin/bash

Signal Handlers:
   SIGSEGV: crash_handler in libjvm.dylib, mask=11100110000111110111111111111111, flags=SA_RESTART|SA_SIGINFO
    SIGBUS: crash_handler in libjvm.dylib, mask=11100110000111110111111111111111, flags=SA_RESTART|SA_SIGINFO
    SIGFPE: crash_handler in libjvm.dylib, mask=11100110000111110111111111111111, flags=SA_RESTART|SA_SIGINFO
   SIGPIPE: javaSignalHandler in libjvm.dylib, mask=11100110000111110111111111111111, flags=SA_RESTART|SA_SIGINFO
   SIGXFSZ: javaSignalHandler in libjvm.dylib, mask=11100110000111110111111111111111, flags=SA_RESTART|SA_SIGINFO
    SIGILL: crash_handler in libjvm.dylib, mask=11100110000111110111111111111111, flags=SA_RESTART|SA_SIGINFO
   SIGUSR2: SR_handler in libjvm.dylib, mask=00100000000000000000000000000000, flags=SA_RESTART|SA_SIGINFO
    SIGHUP: UserHandler in libjvm.dylib, mask=11100110000111110111111111111111, flags=SA_RESTART|SA_SIGINFO
    SIGINT: UserHandler in libjvm.dylib, mask=11100110000111110111111111111111, flags=SA_RESTART|SA_SIGINFO
   SIGTERM: UserHandler in libjvm.dylib, mask=11100110000111110111111111111111, flags=SA_RESTART|SA_SIGINFO
   SIGQUIT: UserHandler in libjvm.dylib, mask=11100110000111110111111111111111, flags=SA_RESTART|SA_SIGINFO
   SIGTRAP: crash_handler in libjvm.dylib, mask=11100110000111110111111111111111, flags=SA_RESTART|SA_SIGINFO


---------------  S Y S T E M  ---------------

OS:
uname: Darwin 17.7.0 Darwin Kernel Version 17.7.0: Thu Jun 21 22:53:14 PDT 2018; root:xnu-4570.71.2~1/RELEASE_X86_64 x86_64
OS uptime: 21 days 7:31 hours
rlimit (soft/hard): STACK 8192k/65532k , CORE 0k/infinity , NPROC 709/1064 , NOFILE 10240/infinity , AS infinity/infinity , CPU infinity/infinity , DATA infinity/infinity , FSIZE infinity/infinity , MEMLOCK infinity/infinity , RSS infinity/infinity
load average: 5.26 4.06 3.73

CPU: total 4 (initial active 4) (2 cores per cpu, 2 threads per core) family 6 model 78 stepping 3 microcode 0xc6, cx8, cmov, fxsr, ht, mmx, 3dnowpref, sse, sse2, sse3, ssse3, sse4.1, sse4.2, popcnt, lzcnt, tsc, tscinvbit, avx, avx2, aes, erms, clmul, bmi1, bmi2, adx, fma, vzeroupper, clflush, clflushopt

Memory: 4k page, physical 8388608k(285224k free), swap 4194304k(1681408k free)

vm_info: OpenJDK 64-Bit Server VM (17.0.1+12) for bsd-amd64 JRE (17.0.1+12), built on Oct 20 2021 13:44:50 by "jenkins" with clang 4.2.1 Compatible Apple LLVM 10.0.1 (clang-1001.0.46.4)

END.
